{"numTotalTestSuites":51,"numPassedTestSuites":51,"numFailedTestSuites":0,"numPendingTestSuites":0,"numTotalTests":81,"numPassedTests":81,"numFailedTests":0,"numPendingTests":0,"numTodoTests":0,"snapshot":{"added":0,"failure":false,"filesAdded":0,"filesRemoved":0,"filesRemovedList":[],"filesUnmatched":0,"filesUpdated":0,"matched":0,"total":0,"unchecked":0,"uncheckedKeysByFile":[],"unmatched":0,"updated":0,"didUpdate":false},"startTime":1787732031605,"success":true,"testResults":[{"assertionResults":[{"ancestorTitles":["App finished 흐름 - ChampionReveal → WinnerScreen 통합"],"fullName":"App finished 흐름 - ChampionReveal → WinnerScreen 통합 최종 확정 시 ChampionReveal 연출을 먼저 보여주고, 완료 후 WinnerScreen 을 노출한다","status":"passed","title":"최종 확정 시 ChampionReveal 연출을 먼저 보여주고, 완료 후 WinnerScreen 을 노출한다","duration":1435.0513,"failureMessages":[],"meta":{}},{"ancestorTitles":["App finished 흐름 - ChampionReveal → WinnerScreen 통합"],"fullName":"App finished 흐름 - ChampionReveal → WinnerScreen 통합 RESTART_SAME 후 다시 종료되면 ChampionReveal 연출이 재생된다","status":"passed","title":"RESTART_SAME 후 다시 종료되면 ChampionReveal 연출이 재생된다","duration":2246.7931,"failureMessages":[],"meta":{}}],"startTime":1787732034583,"endTime":1787732038265.7932,"status":"passed","message":"","name":"C:/Users/Vincent/Desktop/last_dish_standing/src/App.revival.test.tsx"},{"assertionResults":[{"ancestorTitles":["reducer core loop - Property 7: 모든 참가 식당 최소 1회 등장 + 최종 Winner 1개"],"fullName":"reducer core loop - Property 7: 모든 참가 식당 최소 1회 등장 + 최종 Winner 1개 finished 에서 정확히 하나의 챔피언이 남고, 모든 Roster 식당이 챔피언/도전자로 최소 1회 등장한다","status":"passed","title":"finished 에서 정확히 하나의 챔피언이 남고, 모든 Roster 식당이 챔피언/도전자로 최소 1회 등장한다","duration":96.36619999999994,"failureMessages":[],"meta":{}},{"ancestorTitles":["reducer core loop - Property 8: 선택 식당은 평점 무관 항상 승자"],"fullName":"reducer core loop - Property 8: 선택 식당은 평점 무관 항상 승자 SELECT 이후 선택한 id 가 currentChampion 이고 상대는 eliminated 에 추가된다(평점과 무관)","status":"passed","title":"SELECT 이후 선택한 id 가 currentChampion 이고 상대는 eliminated 에 추가된다(평점과 무관)","duration":116.41840000000002,"failureMessages":[],"meta":{}},{"ancestorTitles":["reducer core loop - Property 9: 선택 후 추가 입력 무시"],"fullName":"reducer core loop - Property 9: 선택 후 추가 입력 무시 ratingReveal 에서 SELECT_RESTAURANT 를 다시 dispatch 해도 상태가 변하지 않는다","status":"passed","title":"ratingReveal 에서 SELECT_RESTAURANT 를 다시 dispatch 해도 상태가 변하지 않는다","duration":32.342299999999796,"failureMessages":[],"meta":{}},{"ancestorTitles":["reducer core loop - Property 10: 선택은 즉시 ratingReveal, 다음은 playing"],"fullName":"reducer core loop - Property 10: 선택은 즉시 ratingReveal, 다음은 playing playing 에서 SELECT 하면 ratingReveal 이고, 남은 도전자가 있으면 REVEAL_NEXT 후 playing 이다","status":"passed","title":"playing 에서 SELECT 하면 ratingReveal 이고, 남은 도전자가 있으면 REVEAL_NEXT 후 playing 이다","duration":29.660399999999754,"failureMessages":[],"meta":{}},{"ancestorTitles":["reducer core loop - Property 12: 연승 유지 시 증가·교체 시 1"],"fullName":"reducer core loop - Property 12: 연승 유지 시 증가·교체 시 1 승자가 직전 챔피언과 같으면 winStreak 가 +1, 도전자가 이기면 1 로 리셋된다","status":"passed","title":"승자가 직전 챔피언과 같으면 winStreak 가 +1, 도전자가 이기면 1 로 리셋된다","duration":46.165300000000116,"failureMessages":[],"meta":{}}],"startTime":1787732034072,"endTime":1787732034395.1653,"status":"passed","message":"","name":"C:/Users/Vincent/Desktop/last_dish_standing/src/game/reducer.coreLoop.property.test.ts"},{"assertionResults":[{"ancestorTitles":["reducer revival - Property 13: 패자부활은 시작 Roster가 6 이상일 때만 게임당 최대 1회"],"fullName":"reducer revival - Property 13: 패자부활은 시작 Roster가 6 이상일 때만 게임당 최대 1회 완전한 게임에서 revival 진입 횟수는 Roster>=6이면 <=1, 2~5이면 0이다","status":"passed","title":"완전한 게임에서 revival 진입 횟수는 Roster>=6이면 <=1, 2~5이면 0이다","duration":40.39460000000008,"failureMessages":[],"meta":{}},{"ancestorTitles":["reducer revival - Property 14: 누적 탈락 3개 이상 + 챔피언 제외"],"fullName":"reducer revival - Property 14: 누적 탈락 3개 이상 + 챔피언 제외 revival 진입 시점마다 탈락 수 >= 3 이고 후보에 현재 챔피언이 없다","status":"passed","title":"revival 진입 시점마다 탈락 수 >= 3 이고 후보에 현재 챔피언이 없다","duration":45.36299999999983,"failureMessages":[],"meta":{}},{"ancestorTitles":["reducer revival - Property 15: 후보 수는 min(탈락 수, 3)"],"fullName":"reducer revival - Property 15: 후보 수는 min(탈락 수, 3) revival 진입 상태의 후보 수는 min(탈락 수, 3)과 같다","status":"passed","title":"revival 진입 상태의 후보 수는 min(탈락 수, 3)과 같다","duration":20.98630000000003,"failureMessages":[],"meta":{}}],"startTime":1787732034068,"endTime":1787732034175.9863,"status":"passed","message":"","name":"C:/Users/Vincent/Desktop/last_dish_standing/src/game/reducer.revival.property.test.ts"},{"assertionResults":[{"ancestorTitles":["buildRoster - Property 2: Roster 크기는 후보 수에 종속하며 조건 미달 식당을 추가하지 않는다"],"fullName":"buildRoster - Property 2: Roster 크기는 후보 수에 종속하며 조건 미달 식당을 추가하지 않는다 중복 제거 후 8개 이상이면 크기 8, 2~7개이면 그 수와 같고, 모든 원소는 입력에서 유래한다","status":"passed","title":"중복 제거 후 8개 이상이면 크기 8, 2~7개이면 그 수와 같고, 모든 원소는 입력에서 유래한다","duration":177.1635000000001,"failureMessages":[],"meta":{}},{"ancestorTitles":["buildRoster - Property 3: Roster 내 Place ID 유일성"],"fullName":"buildRoster - Property 3: Roster 내 Place ID 유일성 확정 Roster의 id 집합 크기는 Roster 길이와 같다","status":"passed","title":"확정 Roster의 id 집합 크기는 Roster 길이와 같다","duration":47.74270000000024,"failureMessages":[],"meta":{}}],"startTime":1787732036075,"endTime":1787732036299.7427,"status":"passed","message":"","name":"C:/Users/Vincent/Desktop/last_dish_standing/src/game/rules.buildRoster.property.test.ts"},{"assertionResults":[{"ancestorTitles":["calcTotalRounds (Property 6)"],"fullName":"calcTotalRounds (Property 6) 모든 참가 식당 수 n(2~8)에 대해 calcTotalRounds(n) === n - 1","status":"passed","title":"모든 참가 식당 수 n(2~8)에 대해 calcTotalRounds(n) === n - 1","duration":5.165200000000141,"failureMessages":[],"meta":{}}],"startTime":1787732038894,"endTime":1787732038899.1653,"status":"passed","message":"","name":"C:/Users/Vincent/Desktop/last_dish_standing/src/game/rules.calcTotalRounds.property.test.ts"},{"assertionResults":[{"ancestorTitles":["compareRatings property (Property 11)"],"fullName":"compareRatings property (Property 11) 두 평점의 실제 대소·누락 관계를 정확히 분류한다","status":"passed","title":"두 평점의 실제 대소·누락 관계를 정확히 분류한다","duration":21.192399999999907,"failureMessages":[],"meta":{}}],"startTime":1787732036925,"endTime":1787732036946.1924,"status":"passed","message":"","name":"C:/Users/Vincent/Desktop/last_dish_standing/src/game/rules.compareRatings.property.test.ts"},{"assertionResults":[{"ancestorTitles":["passesQualityGate — Property 1"],"fullName":"passesQualityGate — Property 1 returns true IFF at least 2 of the 3 core info items are confirmed (min 100 runs)","status":"passed","title":"returns true IFF at least 2 of the 3 core info items are confirmed (min 100 runs)","duration":49.83709999999974,"failureMessages":[],"meta":{}}],"startTime":1787732038317,"endTime":1787732038366.8372,"status":"passed","message":"","name":"C:/Users/Vincent/Desktop/last_dish_standing/src/game/rules.passesQualityGate.property.test.ts"},{"assertionResults":[{"ancestorTitles":["PhotoWithFallback (Req 16.3)"],"fullName":"PhotoWithFallback (Req 16.3) photoUrl이 없으면 placeholder를 표시한다","status":"passed","title":"photoUrl이 없으면 placeholder를 표시한다","duration":158.6839,"failureMessages":[],"meta":{}},{"ancestorTitles":["PhotoWithFallback (Req 16.3)"],"fullName":"PhotoWithFallback (Req 16.3) photoUrl이 있으면 실제 이미지를 렌더링한다","status":"passed","title":"photoUrl이 있으면 실제 이미지를 렌더링한다","duration":41.67270000000008,"failureMessages":[],"meta":{}},{"ancestorTitles":["PriceLevel (Req 16.5)"],"fullName":"PriceLevel (Req 16.5) priceLevel이 undefined이면 \"가격 정보 없음\"을 표시한다","status":"passed","title":"priceLevel이 undefined이면 \"가격 정보 없음\"을 표시한다","duration":3.7055999999997766,"failureMessages":[],"meta":{}},{"ancestorTitles":["PriceLevel (Req 16.5)"],"fullName":"PriceLevel (Req 16.5) priceLevel이 있으면 가격 심벌을 표시한다","status":"passed","title":"priceLevel이 있으면 가격 심벌을 표시한다","duration":6.461999999999989,"failureMessages":[],"meta":{}},{"ancestorTitles":["ReviewBox (Req 16.4)"],"fullName":"ReviewBox (Req 16.4) 리뷰가 없으면 안내 문구를 표시한다","status":"passed","title":"리뷰가 없으면 안내 문구를 표시한다","duration":3.9364000000000487,"failureMessages":[],"meta":{}},{"ancestorTitles":["ReviewBox (Req 16.4)"],"fullName":"ReviewBox (Req 16.4) 빈 텍스트 리뷰도 안내 문구를 표시한다","status":"passed","title":"빈 텍스트 리뷰도 안내 문구를 표시한다","duration":3.3995999999997366,"failureMessages":[],"meta":{}},{"ancestorTitles":["ReviewBox (Req 16.4)"],"fullName":"ReviewBox (Req 16.4) 리뷰가 있으면 리뷰 텍스트를 표시한다","status":"passed","title":"리뷰가 있으면 리뷰 텍스트를 표시한다","duration":6.1491000000000895,"failureMessages":[],"meta":{}},{"ancestorTitles":["RestaurantCard rating fallback (Req 16.6)"],"fullName":"RestaurantCard rating fallback (Req 16.6) showRating이지만 rating이 없으면 \"평점 정보 없음\"을 표시한다","status":"passed","title":"showRating이지만 rating이 없으면 \"평점 정보 없음\"을 표시한다","duration":11.566600000000108,"failureMessages":[],"meta":{}},{"ancestorTitles":["LoadingScreen (Req 16.1)"],"fullName":"LoadingScreen (Req 16.1) 로딩 인디케이터와 안내 문구를 렌더링한다","status":"passed","title":"로딩 인디케이터와 안내 문구를 렌더링한다","duration":11.040600000000268,"failureMessages":[],"meta":{}},{"ancestorTitles":["LoadingScreen (Req 16.1)"],"fullName":"LoadingScreen (Req 16.1) message prop이 있으면 해당 메시지를 표시한다","status":"passed","title":"message prop이 있으면 해당 메시지를 표시한다","duration":4.0578999999997905,"failureMessages":[],"meta":{}},{"ancestorTitles":["ErrorScreen (Req 16.2)"],"fullName":"ErrorScreen (Req 16.2) 오류 메시지와 다른 조건 선택 안내를 표시한다","status":"passed","title":"오류 메시지와 다른 조건 선택 안내를 표시한다","duration":9.974099999999908,"failureMessages":[],"meta":{}}],"startTime":1787732034345,"endTime":1787732034606.974,"status":"passed","message":"","name":"C:/Users/Vincent/Desktop/last_dish_standing/src/components/Fallbacks.test.tsx"},{"assertionResults":[{"ancestorTitles":["generateSurvivalText - Property 5: 별명 길이는 6~18자 범위"],"fullName":"generateSurvivalText - Property 5: 별명 길이는 6~18자 범위 모든 입력에 대해 survivalTitle 길이는 6자 이상 18자 이하이다 (fallback 포함)","status":"passed","title":"모든 입력에 대해 survivalTitle 길이는 6자 이상 18자 이하이다 (fallback 포함)","duration":71.41519999999991,"failureMessages":[],"meta":{}},{"ancestorTitles":["generateSurvivalText - 빈 정보 fallback (단위 테스트)"],"fullName":"generateSurvivalText - 빈 정보 fallback (단위 테스트) 정보가 전혀 없으면 별명·한 줄 소개 fallback을 사용한다","status":"passed","title":"정보가 전혀 없으면 별명·한 줄 소개 fallback을 사용한다","duration":0.6465999999995802,"failureMessages":[],"meta":{}}],"startTime":1787732036085,"endTime":1787732036157.6465,"status":"passed","message":"","name":"C:/Users/Vincent/Desktop/last_dish_standing/src/lib/generator.property.test.ts"},{"assertionResults":[{"ancestorTitles":["shuffle - Property 4: 순서 재배치는 참가 식당 집합을 보존"],"fullName":"shuffle - Property 4: 순서 재배치는 참가 식당 집합을 보존 재배치 결과는 원본과 동일한 길이와 멀티셋을 가지며 원본을 변경하지 않는다","status":"passed","title":"재배치 결과는 원본과 동일한 길이와 멀티셋을 가지며 원본을 변경하지 않는다","duration":121.18039999999996,"failureMessages":[],"meta":{}}],"startTime":1787732038424,"endTime":1787732038545.1804,"status":"passed","message":"","name":"C:/Users/Vincent/Desktop/last_dish_standing/src/lib/shuffle.property.test.ts"},{"assertionResults":[{"ancestorTitles":["BattleScreen"],"fullName":"BattleScreen 두 식당 카드를 렌더링한다","status":"passed","title":"두 식당 카드를 렌더링한다","duration":57.82589999999982,"failureMessages":[],"meta":{}},{"ancestorTitles":["BattleScreen"],"fullName":"BattleScreen 평점 영역이 DOM에 존재하지 않는다 (Req 8.2, 8.3)","status":"passed","title":"평점 영역이 DOM에 존재하지 않는다 (Req 8.2, 8.3)","duration":19.123999999999796,"failureMessages":[],"meta":{}},{"ancestorTitles":["BattleScreen"],"fullName":"BattleScreen 챔피언 선택 버튼 클릭 시 챔피언 id로 onSelect를 호출한다 (Req 8.4)","status":"passed","title":"챔피언 선택 버튼 클릭 시 챔피언 id로 onSelect를 호출한다 (Req 8.4)","duration":190.8804,"failureMessages":[],"meta":{}},{"ancestorTitles":["BattleScreen"],"fullName":"BattleScreen 도전자 선택 버튼 클릭 시 도전자 id로 onSelect를 호출한다 (Req 8.4)","status":"passed","title":"도전자 선택 버튼 클릭 시 도전자 id로 onSelect를 호출한다 (Req 8.4)","duration":80.67849999999999,"failureMessages":[],"meta":{}}],"startTime":1787732036891,"endTime":1787732037239.6785,"status":"passed","message":"","name":"C:/Users/Vincent/Desktop/last_dish_standing/src/screens/BattleScreen.test.tsx"},{"assertionResults":[{"ancestorTitles":["RatingReveal"],"fullName":"RatingReveal 평점 영역을 렌더링하여 평점을 공개한다 (Req 10.1)","status":"passed","title":"평점 영역을 렌더링하여 평점을 공개한다 (Req 10.1)","duration":91.78540000000021,"failureMessages":[],"meta":{}},{"ancestorTitles":["RatingReveal"],"fullName":"RatingReveal 선택 식당 평점이 더 높으면 higher 메시지를 표시한다 (Req 10.2)","status":"passed","title":"선택 식당 평점이 더 높으면 higher 메시지를 표시한다 (Req 10.2)","duration":15.416799999999967,"failureMessages":[],"meta":{}},{"ancestorTitles":["RatingReveal"],"fullName":"RatingReveal 선택 식당 평점이 더 낮으면 lower 메시지를 표시한다 (Req 10.3)","status":"passed","title":"선택 식당 평점이 더 낮으면 lower 메시지를 표시한다 (Req 10.3)","duration":13.304599999999937,"failureMessages":[],"meta":{}},{"ancestorTitles":["RatingReveal"],"fullName":"RatingReveal 평점이 같으면 equal 메시지를 표시한다 (Req 10.4)","status":"passed","title":"평점이 같으면 equal 메시지를 표시한다 (Req 10.4)","duration":12.809699999999793,"failureMessages":[],"meta":{}},{"ancestorTitles":["RatingReveal"],"fullName":"RatingReveal 한쪽 평점이 없으면 insufficient 메시지를 표시한다 (Req 10.5)","status":"passed","title":"한쪽 평점이 없으면 insufficient 메시지를 표시한다 (Req 10.5)","duration":13.005299999999806,"failureMessages":[],"meta":{}},{"ancestorTitles":["RatingReveal"],"fullName":"RatingReveal 다음 대결 CTA 클릭 시 onNext를 호출한다 (Req 10.6)","status":"passed","title":"다음 대결 CTA 클릭 시 onNext를 호출한다 (Req 10.6)","duration":180.57120000000032,"failureMessages":[],"meta":{}}],"startTime":1787732036810,"endTime":1787732037137.5713,"status":"passed","message":"","name":"C:/Users/Vincent/Desktop/last_dish_standing/src/screens/RatingReveal.test.tsx"},{"assertionResults":[{"ancestorTitles":["WinnerScreen 다시 시작 버튼 (Req 15.1, 15.2)"],"fullName":"WinnerScreen 다시 시작 버튼 (Req 15.1, 15.2) \"같은 조건으로 다시하기\" 클릭 시 onRestartSame 을 호출한다","status":"passed","title":"\"같은 조건으로 다시하기\" 클릭 시 onRestartSame 을 호출한다","duration":160.05099999999993,"failureMessages":[],"meta":{}},{"ancestorTitles":["WinnerScreen 다시 시작 버튼 (Req 15.1, 15.2)"],"fullName":"WinnerScreen 다시 시작 버튼 (Req 15.1, 15.2) \"새 게임 시작\" 클릭 시 onRestartNew 를 호출한다","status":"passed","title":"\"새 게임 시작\" 클릭 시 onRestartNew 를 호출한다","duration":34.9970000000003,"failureMessages":[],"meta":{}},{"ancestorTitles":["WinnerScreen 다시 시작 버튼 (Req 15.1, 15.2)"],"fullName":"WinnerScreen 다시 시작 버튼 (Req 15.1, 15.2) 사진/리뷰/가격/평점이 모두 누락된 우승 식당도 fallback 과 함께 정상 렌더링한다 (Req 16.3~16.7)","status":"passed","title":"사진/리뷰/가격/평점이 모두 누락된 우승 식당도 fallback 과 함께 정상 렌더링한다 (Req 16.3~16.7)","duration":32.0641999999998,"failureMessages":[],"meta":{}},{"ancestorTitles":["ErrorScreen 다시 시작 버튼"],"fullName":"ErrorScreen 다시 시작 버튼 \"다른 조건으로 다시 시도\" 클릭 시 onRetry 를 호출한다","status":"passed","title":"\"다른 조건으로 다시 시도\" 클릭 시 onRetry 를 호출한다","duration":20.036200000000008,"failureMessages":[],"meta":{}},{"ancestorTitles":["ErrorScreen 다시 시작 버튼"],"fullName":"ErrorScreen 다시 시작 버튼 \"새 게임 시작\" 클릭 시 onNewGame 을 호출한다","status":"passed","title":"\"새 게임 시작\" 클릭 시 onNewGame 을 호출한다","duration":19.116199999999935,"failureMessages":[],"meta":{}},{"ancestorTitles":["reducer RESTART_SAME / RESTART_NEW (Req 15.1, 15.2)"],"fullName":"reducer RESTART_SAME / RESTART_NEW (Req 15.1, 15.2) RESTART_SAME 은 지역·음식 조건을 유지한 채 loading 으로 전이한다 (Req 15.1)","status":"passed","title":"RESTART_SAME 은 지역·음식 조건을 유지한 채 loading 으로 전이한다 (Req 15.1)","duration":3.566899999999805,"failureMessages":[],"meta":{}},{"ancestorTitles":["reducer RESTART_SAME / RESTART_NEW (Req 15.1, 15.2)"],"fullName":"reducer RESTART_SAME / RESTART_NEW (Req 15.1, 15.2) RESTART_NEW 는 조건을 초기화하고 setup 으로 복귀한다 (Req 15.2)","status":"passed","title":"RESTART_NEW 는 조건을 초기화하고 setup 으로 복귀한다 (Req 15.2)","duration":0.4984999999996944,"failureMessages":[],"meta":{}}],"startTime":1787732034236,"endTime":1787732034507.4985,"status":"passed","message":"","name":"C:/Users/Vincent/Desktop/last_dish_standing/src/screens/Restart.test.tsx"},{"assertionResults":[{"ancestorTitles":["StartScreen"],"fullName":"StartScreen 음식 종류·지역 미지정이면 START 버튼이 비활성화된다 (Req 1.4)","status":"passed","title":"음식 종류·지역 미지정이면 START 버튼이 비활성화된다 (Req 1.4)","duration":164.78219999999965,"failureMessages":[],"meta":{}},{"ancestorTitles":["StartScreen"],"fullName":"StartScreen 음식 종류만 선택하면 여전히 비활성화된다 (Req 1.4)","status":"passed","title":"음식 종류만 선택하면 여전히 비활성화된다 (Req 1.4)","duration":132.31179999999995,"failureMessages":[],"meta":{}},{"ancestorTitles":["StartScreen"],"fullName":"StartScreen 지역만 입력하면 여전히 비활성화된다 (Req 1.4)","status":"passed","title":"지역만 입력하면 여전히 비활성화된다 (Req 1.4)","duration":94.84839999999986,"failureMessages":[],"meta":{}},{"ancestorTitles":["StartScreen"],"fullName":"StartScreen 음식 종류와 지역이 모두 지정되면 START 버튼이 활성화된다 (Req 1.5)","status":"passed","title":"음식 종류와 지역이 모두 지정되면 START 버튼이 활성화된다 (Req 1.5)","duration":130.3806000000004,"failureMessages":[],"meta":{}},{"ancestorTitles":["StartScreen"],"fullName":"StartScreen START 클릭 시 선택한 setup으로 onStart를 호출한다 (Req 1.5)","status":"passed","title":"START 클릭 시 선택한 setup으로 onStart를 호출한다 (Req 1.5)","duration":210.7536,"failureMessages":[],"meta":{}},{"ancestorTitles":["StartScreen"],"fullName":"StartScreen 음식 종류는 단일 선택으로 유지된다 (Req 1.2)","status":"passed","title":"음식 종류는 단일 선택으로 유지된다 (Req 1.2)","duration":112.41100000000006,"failureMessages":[],"meta":{}},{"ancestorTitles":["StartScreen"],"fullName":"StartScreen disabled prop이 true이면 조건이 충족되어도 비활성화된다 (Req 16.1 로딩 중 재입력 차단)","status":"passed","title":"disabled prop이 true이면 조건이 충족되어도 비활성화된다 (Req 16.1 로딩 중 재입력 차단)","duration":140.029,"failureMessages":[],"meta":{}}],"startTime":1787732036571,"endTime":1787732037557.029,"status":"passed","message":"","name":"C:/Users/Vincent/Desktop/last_dish_standing/src/screens/StartScreen.test.tsx"},{"assertionResults":[{"ancestorTitles":["API 재호출 금지 (Req 6.2, 6.3, 2.1)"],"fullName":"API 재호출 금지 (Req 6.2, 6.3, 2.1) 초기 검색은 정확히 1회 수행된다 (Req 2.1)","status":"passed","title":"초기 검색은 정확히 1회 수행된다 (Req 2.1)","duration":2.7721999999998843,"failureMessages":[],"meta":{}},{"ancestorTitles":["API 재호출 금지 (Req 6.2, 6.3, 2.1)"],"fullName":"API 재호출 금지 (Req 6.2, 6.3, 2.1) 게임플레이 전이 동안 Places API 가 재호출되지 않는다","status":"passed","title":"게임플레이 전이 동안 Places API 가 재호출되지 않는다","duration":35.71359999999959,"failureMessages":[],"meta":{}},{"ancestorTitles":["API 재호출 금지 (Req 6.2, 6.3, 2.1)"],"fullName":"API 재호출 금지 (Req 6.2, 6.3, 2.1) 게임 로직 계층(rules)은 placesService 를 호출하지 않는다","status":"passed","title":"게임 로직 계층(rules)은 placesService 를 호출하지 않는다","duration":1.0846000000001368,"failureMessages":[],"meta":{}},{"ancestorTitles":["API 재호출 금지 (Req 6.2, 6.3, 2.1)"],"fullName":"API 재호출 금지 (Req 6.2, 6.3, 2.1) 동일 place 에 대한 반복 상세 요청이 없다 (Req 6.3)","status":"passed","title":"동일 place 에 대한 반복 상세 요청이 없다 (Req 6.3)","duration":0.6057999999998174,"failureMessages":[],"meta":{}}],"startTime":1787732033762,"endTime":1787732033802.6057,"status":"passed","message":"","name":"C:/Users/Vincent/Desktop/last_dish_standing/src/services/api-no-recall.test.ts"},{"assertionResults":[{"ancestorTitles":["normalizePlace - 구체적 필드 매핑"],"fullName":"normalizePlace - 구체적 필드 매핑 displayName.text 를 name 으로 매핑한다","status":"passed","title":"displayName.text 를 name 으로 매핑한다","duration":3.1113000000000284,"failureMessages":[],"meta":{}},{"ancestorTitles":["normalizePlace - 구체적 필드 매핑"],"fullName":"normalizePlace - 구체적 필드 매핑 id 를 그대로 보존한다","status":"passed","title":"id 를 그대로 보존한다","duration":0.48720000000002983,"failureMessages":[],"meta":{}},{"ancestorTitles":["normalizePlace - 구체적 필드 매핑"],"fullName":"normalizePlace - 구체적 필드 매핑 priceLevel 열거형을 숫자로 매핑한다 (MODERATE -> 2)","status":"passed","title":"priceLevel 열거형을 숫자로 매핑한다 (MODERATE -> 2)","duration":0.41679999999996653,"failureMessages":[],"meta":{}},{"ancestorTitles":["normalizePlace - 구체적 필드 매핑"],"fullName":"normalizePlace - 구체적 필드 매핑 priceLevel 열거형 전체를 0..4 로 매핑한다","status":"passed","title":"priceLevel 열거형 전체를 0..4 로 매핑한다","duration":1.0540999999998348,"failureMessages":[],"meta":{}},{"ancestorTitles":["normalizePlace - 구체적 필드 매핑"],"fullName":"normalizePlace - 구체적 필드 매핑 photos 로부터 photoUrl 을 만들며 photo name 을 포함한다","status":"passed","title":"photos 로부터 photoUrl 을 만들며 photo name 을 포함한다","duration":0.800199999999677,"failureMessages":[],"meta":{}},{"ancestorTitles":["normalizePlace - 구체적 필드 매핑"],"fullName":"normalizePlace - 구체적 필드 매핑 reviews 를 text/rating/authorName 을 포함해 매핑한다","status":"passed","title":"reviews 를 text/rating/authorName 을 포함해 매핑한다","duration":2.922700000000077,"failureMessages":[],"meta":{}},{"ancestorTitles":["normalizePlace - 구체적 필드 매핑"],"fullName":"normalizePlace - 구체적 필드 매핑 googleMapsUri 를 googleMapsUrl 로 매핑한다","status":"passed","title":"googleMapsUri 를 googleMapsUrl 로 매핑한다","duration":0.47319999999990614,"failureMessages":[],"meta":{}},{"ancestorTitles":["normalizePlace - 구체적 필드 매핑"],"fullName":"normalizePlace - 구체적 필드 매핑 rating / userRatingCount / address 를 매핑한다","status":"passed","title":"rating / userRatingCount / address 를 매핑한다","duration":0.4693999999999505,"failureMessages":[],"meta":{}},{"ancestorTitles":["normalizePlace - 구체적 필드 매핑"],"fullName":"normalizePlace - 구체적 필드 매핑 category 를 primaryType 으로부터 읽기 쉽게 매핑한다","status":"passed","title":"category 를 primaryType 으로부터 읽기 쉽게 매핑한다","duration":0.47339999999985594,"failureMessages":[],"meta":{}},{"ancestorTitles":["normalizePlace - 구체적 필드 매핑"],"fullName":"normalizePlace - 구체적 필드 매핑 survivalTitle / survivalSummary 는 생성하지 않는다","status":"passed","title":"survivalTitle / survivalSummary 는 생성하지 않는다","duration":0.4250999999999294,"failureMessages":[],"meta":{}},{"ancestorTitles":["normalizePlace - 누락 필드 처리 (임의 값 생성 금지)"],"fullName":"normalizePlace - 누락 필드 처리 (임의 값 생성 금지) 사진이 없으면 photoUrl 은 undefined","status":"passed","title":"사진이 없으면 photoUrl 은 undefined","duration":0.4269000000003871,"failureMessages":[],"meta":{}},{"ancestorTitles":["normalizePlace - 누락 필드 처리 (임의 값 생성 금지)"],"fullName":"normalizePlace - 누락 필드 처리 (임의 값 생성 금지) reviews 가 없으면 빈 배열","status":"passed","title":"reviews 가 없으면 빈 배열","duration":0.30609999999978754,"failureMessages":[],"meta":{}},{"ancestorTitles":["normalizePlace - 누락 필드 처리 (임의 값 생성 금지)"],"fullName":"normalizePlace - 누락 필드 처리 (임의 값 생성 금지) priceLevel 이 없으면 undefined","status":"passed","title":"priceLevel 이 없으면 undefined","duration":0.46529999999984284,"failureMessages":[],"meta":{}},{"ancestorTitles":["normalizePlace - 누락 필드 처리 (임의 값 생성 금지)"],"fullName":"normalizePlace - 누락 필드 처리 (임의 값 생성 금지) PRICE_LEVEL_UNSPECIFIED 는 정보 없음(undefined)으로 처리한다","status":"passed","title":"PRICE_LEVEL_UNSPECIFIED 는 정보 없음(undefined)으로 처리한다","duration":0.41010000000005675,"failureMessages":[],"meta":{}},{"ancestorTitles":["normalizePlace - 누락 필드 처리 (임의 값 생성 금지)"],"fullName":"normalizePlace - 누락 필드 처리 (임의 값 생성 금지) rating 이 없으면 undefined","status":"passed","title":"rating 이 없으면 undefined","duration":0.2899000000002161,"failureMessages":[],"meta":{}},{"ancestorTitles":["normalizePlace - 누락 필드 처리 (임의 값 생성 금지)"],"fullName":"normalizePlace - 누락 필드 처리 (임의 값 생성 금지) 텍스트가 없는 리뷰는 결과에서 제외한다","status":"passed","title":"텍스트가 없는 리뷰는 결과에서 제외한다","duration":0.5622000000003027,"failureMessages":[],"meta":{}},{"ancestorTitles":["normalizePlace - 누락 필드 처리 (임의 값 생성 금지)"],"fullName":"normalizePlace - 누락 필드 처리 (임의 값 생성 금지) 리뷰에 rating/authorName 이 없으면 해당 필드를 생성하지 않는다","status":"passed","title":"리뷰에 rating/authorName 이 없으면 해당 필드를 생성하지 않는다","duration":0.5197000000002845,"failureMessages":[],"meta":{}},{"ancestorTitles":["normalizePlace - 누락 필드 처리 (임의 값 생성 금지)"],"fullName":"normalizePlace - 누락 필드 처리 (임의 값 생성 금지) displayName 이 없으면 name 은 빈 문자열","status":"passed","title":"displayName 이 없으면 name 은 빈 문자열","duration":0.2925999999997657,"failureMessages":[],"meta":{}},{"ancestorTitles":["normalizePlace - 누락 필드 처리 (임의 값 생성 금지)"],"fullName":"normalizePlace - 누락 필드 처리 (임의 값 생성 금지) category 정보가 없으면 undefined","status":"passed","title":"category 정보가 없으면 undefined","duration":0.1856999999999971,"failureMessages":[],"meta":{}},{"ancestorTitles":["normalizePlace - 누락 필드 처리 (임의 값 생성 금지)"],"fullName":"normalizePlace - 누락 필드 처리 (임의 값 생성 금지) API 키가 없으면 사진이 있어도 photoUrl 은 undefined","status":"passed","title":"API 키가 없으면 사진이 있어도 photoUrl 은 undefined","duration":0.24200000000018917,"failureMessages":[],"meta":{}},{"ancestorTitles":["normalizePlace - details 우선 규칙"],"fullName":"normalizePlace - details 우선 규칙 raw 와 details 가 모두 있으면 각 필드에서 details 를 우선한다","status":"passed","title":"raw 와 details 가 모두 있으면 각 필드에서 details 를 우선한다","duration":0.4954999999999927,"failureMessages":[],"meta":{}},{"ancestorTitles":["normalizePlace - details 우선 규칙"],"fullName":"normalizePlace - details 우선 규칙 details 에 특정 필드가 없으면 raw 값으로 대체(fallback)한다","status":"passed","title":"details 에 특정 필드가 없으면 raw 값으로 대체(fallback)한다","duration":0.5009000000000015,"failureMessages":[],"meta":{}}],"startTime":1787732033770,"endTime":1787732033787.501,"status":"passed","message":"","name":"C:/Users/Vincent/Desktop/last_dish_standing/src/services/normalizer.test.ts"},{"assertionResults":[{"ancestorTitles":["scaffolding"],"fullName":"scaffolding runs a basic Vitest assertion","status":"passed","title":"runs a basic Vitest assertion","duration":1.201799999999821,"failureMessages":[],"meta":{}},{"ancestorTitles":["scaffolding"],"fullName":"scaffolding runs a basic fast-check property (min 100 runs)","status":"passed","title":"runs a basic fast-check property (min 100 runs)","duration":3.955500000000029,"failureMessages":[],"meta":{}}],"startTime":1787732039045,"endTime":1787732039049.9556,"status":"passed","message":"","name":"C:/Users/Vincent/Desktop/last_dish_standing/src/test/scaffold.test.ts"}]}